<?xml version="1.0" encoding="UTF-8"?>
<robot generator="Robot 5.0 (Python 3.10.3 on win32)" generated="20220519 21:05:50.779" rpa="false" schemaversion="3">
<suite id="s1" name="Tests" source="C:\Users\crasc\Desktop\Projects\BeesRobotFramework\Tests">
<suite id="s1-s1" name="FormPage" source="C:\Users\crasc\Desktop\Projects\BeesRobotFramework\Tests\FormPage.robot">
<test id="s1-s1-t1" name="Test Case 01: Everything Right" line="13">
<kw name="Given Client in page ${URL} with ${BROWSER}" library="FullFormResources" sourcename="Given Client in page ${URL} with ${BROWSER}">
<kw name="Name" library="FakerLibrary">
<var>${NAME}</var>
<doc>:example 'John Doe'</doc>
<msg timestamp="20220519 21:05:51.516" level="INFO">${NAME} = Srta. Isabella Araújo</msg>
<status status="PASS" starttime="20220519 21:05:51.516" endtime="20220519 21:05:51.516"/>
</kw>
<kw name="Email" library="FakerLibrary">
<var>${EMAIL}</var>
<msg timestamp="20220519 21:05:51.516" level="INFO">${EMAIL} = barbosadaniel@example.net</msg>
<status status="PASS" starttime="20220519 21:05:51.516" endtime="20220519 21:05:51.516"/>
</kw>
<kw name="Random Int" library="FakerLibrary">
<var>${EXPERIENCE}</var>
<arg>min=1</arg>
<arg>max=6</arg>
<doc>Generate a random integer between two integers ``min`` and ``max`` inclusive
while observing the provided ``step`` value.</doc>
<msg timestamp="20220519 21:05:51.517" level="INFO">${EXPERIENCE} = 5</msg>
<status status="PASS" starttime="20220519 21:05:51.516" endtime="20220519 21:05:51.517"/>
</kw>
<kw name="Random Int" library="FakerLibrary">
<var>${RANDOMNUMBER}</var>
<arg>min=1</arg>
<arg>max=99</arg>
<doc>Generate a random integer between two integers ``min`` and ``max`` inclusive
while observing the provided ``step`` value.</doc>
<msg timestamp="20220519 21:05:51.517" level="INFO">${RANDOMNUMBER} = 20</msg>
<status status="PASS" starttime="20220519 21:05:51.517" endtime="20220519 21:05:51.517"/>
</kw>
<kw name="Words" library="FakerLibrary">
<var>${COMMENT}</var>
<arg>nb=${RANDOMNUMBER}</arg>
<doc>Generate a tuple of words.</doc>
<msg timestamp="20220519 21:05:51.518" level="INFO">${COMMENT} = ['dicta', 'architecto', 'distinctio', 'tempora', 'id', 'mollitia', 'voluptatibus', 'error', 'pariatur', 'natus', 'dolorum', 'eaque', 'suscipit', 'eaque', 'facilis', 'vitae', 'suscipit', 'earum', 'quod...</msg>
<status status="PASS" starttime="20220519 21:05:51.517" endtime="20220519 21:05:51.518"/>
</kw>
<kw name="Hostname" library="FakerLibrary">
<var>${TEMP}</var>
<doc>Produce a hostname with specified number of subdomain levels.</doc>
<msg timestamp="20220519 21:05:51.518" level="INFO">${TEMP} = laptop-37.ribeiro.com</msg>
<status status="PASS" starttime="20220519 21:05:51.518" endtime="20220519 21:05:51.518"/>
</kw>
<kw name="Set Global Variable" library="BuiltIn">
<arg>${WEBSITE}</arg>
<arg>https://${TEMP}</arg>
<doc>Makes a variable available globally in all tests and suites.</doc>
<msg timestamp="20220519 21:05:51.519" level="INFO">${WEBSITE} = https://laptop-37.ribeiro.com</msg>
<status status="PASS" starttime="20220519 21:05:51.518" endtime="20220519 21:05:51.519"/>
</kw>
<kw name="Set Global Variable" library="BuiltIn">
<arg>${NAME}</arg>
<doc>Makes a variable available globally in all tests and suites.</doc>
<msg timestamp="20220519 21:05:51.520" level="INFO">${NAME} = Srta. Isabella Araújo</msg>
<status status="PASS" starttime="20220519 21:05:51.519" endtime="20220519 21:05:51.520"/>
</kw>
<kw name="Set Global Variable" library="BuiltIn">
<arg>${EMAIL}</arg>
<doc>Makes a variable available globally in all tests and suites.</doc>
<msg timestamp="20220519 21:05:51.520" level="INFO">${EMAIL} = barbosadaniel@example.net</msg>
<status status="PASS" starttime="20220519 21:05:51.520" endtime="20220519 21:05:51.520"/>
</kw>
<kw name="Set Global Variable" library="BuiltIn">
<arg>${EXPERIENCE}</arg>
<doc>Makes a variable available globally in all tests and suites.</doc>
<msg timestamp="20220519 21:05:51.520" level="INFO">${EXPERIENCE} = 5</msg>
<status status="PASS" starttime="20220519 21:05:51.520" endtime="20220519 21:05:51.521"/>
</kw>
<kw name="Set Global Variable" library="BuiltIn">
<arg>${EDUCATION}</arg>
<arg>aa</arg>
<doc>Makes a variable available globally in all tests and suites.</doc>
<msg timestamp="20220519 21:05:51.522" level="INFO">${EDUCATION} = aa</msg>
<status status="PASS" starttime="20220519 21:05:51.521" endtime="20220519 21:05:51.522"/>
</kw>
<kw name="Set Global Variable" library="BuiltIn">
<arg>${COMMENT}</arg>
<doc>Makes a variable available globally in all tests and suites.</doc>
<msg timestamp="20220519 21:05:51.522" level="INFO">${COMMENT} = ['dicta', 'architecto', 'distinctio', 'tempora', 'id', 'mollitia', 'voluptatibus', 'error', 'pariatur', 'natus', 'dolorum', 'eaque', 'suscipit', 'eaque', 'facilis', 'vitae', 'suscipit', 'earum', 'quod...</msg>
<status status="PASS" starttime="20220519 21:05:51.522" endtime="20220519 21:05:51.522"/>
</kw>
<kw name="Set Global Variable" library="BuiltIn">
<arg>${SUBMIT_LOCATION}</arg>
<arg>css=#contact-form-2599 &gt; form &gt; p.contact-submit &gt; button</arg>
<doc>Makes a variable available globally in all tests and suites.</doc>
<msg timestamp="20220519 21:05:51.523" level="INFO">${SUBMIT_LOCATION} = css=#contact-form-2599 &gt; form &gt; p.contact-submit &gt; button</msg>
<status status="PASS" starttime="20220519 21:05:51.522" endtime="20220519 21:05:51.523"/>
</kw>
<kw name="Open Browser" library="SeleniumLibrary">
<arg>${URL}</arg>
<arg>${BROWSER}</arg>
<arg>options=add_argument("--start-maximized")</arg>
<doc>Opens a new browser instance to the optional ``url``.</doc>
<msg timestamp="20220519 21:05:51.524" level="INFO">Opening browser 'chrome' to base url 'https://www.globalsqa.com/samplepagetest/'.</msg>
<status status="PASS" starttime="20220519 21:05:51.523" endtime="20220519 21:05:56.886"/>
</kw>
<status status="PASS" starttime="20220519 21:05:51.515" endtime="20220519 21:05:56.886"/>
</kw>
<kw name="When Type Everything Correctly" library="FullFormResources">
<kw name="Set Local Variable" library="BuiltIn">
<arg>${NAME_LOCATION}</arg>
<arg>css=#g2599-name</arg>
<doc>Makes a variable available everywhere within the local scope.</doc>
<msg timestamp="20220519 21:05:56.888" level="INFO">${NAME_LOCATION} = css=#g2599-name</msg>
<status status="PASS" starttime="20220519 21:05:56.886" endtime="20220519 21:05:56.888"/>
</kw>
<kw name="Set Local Variable" library="BuiltIn">
<arg>${EMAIL_LOCATION}</arg>
<arg>css=#g2599-email</arg>
<doc>Makes a variable available everywhere within the local scope.</doc>
<msg timestamp="20220519 21:05:56.889" level="INFO">${EMAIL_LOCATION} = css=#g2599-email</msg>
<status status="PASS" starttime="20220519 21:05:56.888" endtime="20220519 21:05:56.890"/>
</kw>
<kw name="Set Local Variable" library="BuiltIn">
<arg>${WEBSITE_LOCATION}</arg>
<arg>css=#g2599-website</arg>
<doc>Makes a variable available everywhere within the local scope.</doc>
<msg timestamp="20220519 21:05:56.891" level="INFO">${WEBSITE_LOCATION} = css=#g2599-website</msg>
<status status="PASS" starttime="20220519 21:05:56.890" endtime="20220519 21:05:56.891"/>
</kw>
<kw name="Set Local Variable" library="BuiltIn">
<arg>${EXPERIENCE_LOCATION}</arg>
<arg>css=#g2599-experienceinyears</arg>
<doc>Makes a variable available everywhere within the local scope.</doc>
<msg timestamp="20220519 21:05:56.893" level="INFO">${EXPERIENCE_LOCATION} = css=#g2599-experienceinyears</msg>
<status status="PASS" starttime="20220519 21:05:56.892" endtime="20220519 21:05:56.893"/>
</kw>
<kw name="Set Local Variable" library="BuiltIn">
<arg>${COMMENT_LOCATION}</arg>
<arg>css=#contact-form-comment-g2599-comment</arg>
<doc>Makes a variable available everywhere within the local scope.</doc>
<msg timestamp="20220519 21:05:56.894" level="INFO">${COMMENT_LOCATION} = css=#contact-form-comment-g2599-comment</msg>
<status status="PASS" starttime="20220519 21:05:56.893" endtime="20220519 21:05:56.894"/>
</kw>
<kw name="Set Local Variable" library="BuiltIn">
<arg>${FUNCTIONAL_TESTING_LOCATION}</arg>
<arg>css=#contact-form-2599 &gt; form &gt; div.grunion-field-wrap.grunion-field-checkbox-multiple-wrap &gt; label:nth-child(2) &gt; input</arg>
<doc>Makes a variable available everywhere within the local scope.</doc>
<msg timestamp="20220519 21:05:56.896" level="INFO">${FUNCTIONAL_TESTING_LOCATION} = css=#contact-form-2599 &gt; form &gt; div.grunion-field-wrap.grunion-field-checkbox-multiple-wrap &gt; label:nth-child(2) &gt; input</msg>
<status status="PASS" starttime="20220519 21:05:56.894" endtime="20220519 21:05:56.897"/>
</kw>
<kw name="Set Local Variable" library="BuiltIn">
<arg>${AUTOMATION_TESTING_LOCATION}</arg>
<arg>css=#contact-form-2599 &gt; form &gt; div.grunion-field-wrap.grunion-field-checkbox-multiple-wrap &gt; label:nth-child(4) &gt; input</arg>
<doc>Makes a variable available everywhere within the local scope.</doc>
<msg timestamp="20220519 21:05:56.898" level="INFO">${AUTOMATION_TESTING_LOCATION} = css=#contact-form-2599 &gt; form &gt; div.grunion-field-wrap.grunion-field-checkbox-multiple-wrap &gt; label:nth-child(4) &gt; input</msg>
<status status="PASS" starttime="20220519 21:05:56.897" endtime="20220519 21:05:56.898"/>
</kw>
<kw name="Set Local Variable" library="BuiltIn">
<arg>${MANUAL_TESTING_LOCATION}</arg>
<arg>css=#contact-form-2599 &gt; form &gt; div.grunion-field-wrap.grunion-field-checkbox-multiple-wrap &gt; label:nth-child(6) &gt; input</arg>
<doc>Makes a variable available everywhere within the local scope.</doc>
<msg timestamp="20220519 21:05:56.899" level="INFO">${MANUAL_TESTING_LOCATION} = css=#contact-form-2599 &gt; form &gt; div.grunion-field-wrap.grunion-field-checkbox-multiple-wrap &gt; label:nth-child(6) &gt; input</msg>
<status status="PASS" starttime="20220519 21:05:56.898" endtime="20220519 21:05:56.899"/>
</kw>
<kw name="Set Local Variable" library="BuiltIn">
<arg>${GRADUATE_LOCATION}</arg>
<arg>css=#contact-form-2599 &gt; form &gt; div.grunion-field-wrap.grunion-field-radio-wrap &gt; label:nth-child(2) &gt; input</arg>
<doc>Makes a variable available everywhere within the local scope.</doc>
<msg timestamp="20220519 21:05:56.901" level="INFO">${GRADUATE_LOCATION} = css=#contact-form-2599 &gt; form &gt; div.grunion-field-wrap.grunion-field-radio-wrap &gt; label:nth-child(2) &gt; input</msg>
<status status="PASS" starttime="20220519 21:05:56.900" endtime="20220519 21:05:56.901"/>
</kw>
<kw name="Set Local Variable" library="BuiltIn">
<arg>${UNGRADUATE_LOCATION}</arg>
<arg>css=#contact-form-2599 &gt; form &gt; div.grunion-field-wrap.grunion-field-radio-wrap &gt; label:nth-child(4) &gt; input</arg>
<doc>Makes a variable available everywhere within the local scope.</doc>
<msg timestamp="20220519 21:05:56.902" level="INFO">${UNGRADUATE_LOCATION} = css=#contact-form-2599 &gt; form &gt; div.grunion-field-wrap.grunion-field-radio-wrap &gt; label:nth-child(4) &gt; input</msg>
<status status="PASS" starttime="20220519 21:05:56.901" endtime="20220519 21:05:56.902"/>
</kw>
<kw name="Set Local Variable" library="BuiltIn">
<arg>${POST_GRADUATE_LOCATION}</arg>
<arg>css=#contact-form-2599 &gt; form &gt; div.grunion-field-wrap.grunion-field-radio-wrap &gt; label:nth-child(6) &gt; input</arg>
<doc>Makes a variable available everywhere within the local scope.</doc>
<msg timestamp="20220519 21:05:56.904" level="INFO">${POST_GRADUATE_LOCATION} = css=#contact-form-2599 &gt; form &gt; div.grunion-field-wrap.grunion-field-radio-wrap &gt; label:nth-child(6) &gt; input</msg>
<status status="PASS" starttime="20220519 21:05:56.903" endtime="20220519 21:05:56.904"/>
</kw>
<kw name="Scroll Element Into View" library="SeleniumLibrary">
<arg>${NAME_LOCATION}</arg>
<doc>Scrolls the element identified by ``locator`` into view.</doc>
<status status="PASS" starttime="20220519 21:05:56.904" endtime="20220519 21:05:57.181"/>
</kw>
<kw name="Wait Until Element Is Visible" library="SeleniumLibrary">
<arg>${NAME_LOCATION}</arg>
<doc>Waits until the element ``locator`` is visible.</doc>
<status status="PASS" starttime="20220519 21:05:57.181" endtime="20220519 21:05:57.202"/>
</kw>
<kw name="Input Text" library="SeleniumLibrary">
<arg>${NAME_LOCATION}</arg>
<arg>${NAME}</arg>
<doc>Types the given ``text`` into the text field identified by ``locator``.</doc>
<msg timestamp="20220519 21:05:57.203" level="INFO">Typing text 'Srta. Isabella Araújo' into text field 'css=#g2599-name'.</msg>
<status status="PASS" starttime="20220519 21:05:57.202" endtime="20220519 21:05:57.301"/>
</kw>
<kw name="Scroll Element Into View" library="SeleniumLibrary">
<arg>${EMAIL_LOCATION}</arg>
<doc>Scrolls the element identified by ``locator`` into view.</doc>
<status status="PASS" starttime="20220519 21:05:57.301" endtime="20220519 21:05:57.584"/>
</kw>
<kw name="Wait Until Element Is Visible" library="SeleniumLibrary">
<arg>${EMAIL_LOCATION}</arg>
<doc>Waits until the element ``locator`` is visible.</doc>
<status status="PASS" starttime="20220519 21:05:57.584" endtime="20220519 21:05:57.600"/>
</kw>
<kw name="Input Text" library="SeleniumLibrary">
<arg>${EMAIL_LOCATION}</arg>
<arg>${EMAIL}</arg>
<doc>Types the given ``text`` into the text field identified by ``locator``.</doc>
<msg timestamp="20220519 21:05:57.601" level="INFO">Typing text 'barbosadaniel@example.net' into text field 'css=#g2599-email'.</msg>
<status status="PASS" starttime="20220519 21:05:57.600" endtime="20220519 21:05:57.704"/>
</kw>
<kw name="Scroll Element Into View" library="SeleniumLibrary">
<arg>${WEBSITE_LOCATION}</arg>
<doc>Scrolls the element identified by ``locator`` into view.</doc>
<status status="PASS" starttime="20220519 21:05:57.705" endtime="20220519 21:05:57.981"/>
</kw>
<kw name="Wait Until Element Is Visible" library="SeleniumLibrary">
<arg>${WEBSITE_LOCATION}</arg>
<doc>Waits until the element ``locator`` is visible.</doc>
<status status="PASS" starttime="20220519 21:05:57.981" endtime="20220519 21:05:57.996"/>
</kw>
<kw name="Input Text" library="SeleniumLibrary">
<arg>${WEBSITE_LOCATION}</arg>
<arg>${WEBSITE}</arg>
<doc>Types the given ``text`` into the text field identified by ``locator``.</doc>
<msg timestamp="20220519 21:05:57.997" level="INFO">Typing text 'https://laptop-37.ribeiro.com' into text field 'css=#g2599-website'.</msg>
<status status="PASS" starttime="20220519 21:05:57.996" endtime="20220519 21:05:58.095"/>
</kw>
<kw name="Scroll Element Into View" library="SeleniumLibrary">
<arg>${EXPERIENCE_LOCATION}</arg>
<doc>Scrolls the element identified by ``locator`` into view.</doc>
<status status="PASS" starttime="20220519 21:05:58.095" endtime="20220519 21:05:58.371"/>
</kw>
<kw name="Wait Until Element Is Visible" library="SeleniumLibrary">
<arg>${EXPERIENCE_LOCATION}</arg>
<doc>Waits until the element ``locator`` is visible.</doc>
<status status="PASS" starttime="20220519 21:05:58.371" endtime="20220519 21:05:58.409"/>
</kw>
<if>
<branch type="IF" condition="${EXPERIENCE} == 1">
<kw name="Select From List By Value" library="SeleniumLibrary">
<arg>${EXPERIENCE_LOCATION}</arg>
<arg>0-1</arg>
<doc>Selects options from selection list ``locator`` by ``values``.</doc>
<status status="NOT RUN" starttime="20220519 21:05:58.409" endtime="20220519 21:05:58.409"/>
</kw>
<kw name="List Selection Should Be" library="SeleniumLibrary">
<arg>${EXPERIENCE_LOCATION}</arg>
<arg>0-1</arg>
<doc>Verifies selection list ``locator`` has ``expected`` options selected.</doc>
<status status="NOT RUN" starttime="20220519 21:05:58.410" endtime="20220519 21:05:58.410"/>
</kw>
<kw name="Set Global Variable" library="BuiltIn">
<arg>${EXPERIENCE}</arg>
<arg>0-1</arg>
<doc>Makes a variable available globally in all tests and suites.</doc>
<status status="NOT RUN" starttime="20220519 21:05:58.410" endtime="20220519 21:05:58.410"/>
</kw>
<status status="NOT RUN" starttime="20220519 21:05:58.409" endtime="20220519 21:05:58.410"/>
</branch>
<branch type="ELSE IF" condition="${EXPERIENCE} == 2">
<kw name="Select From List By Value" library="SeleniumLibrary">
<arg>${EXPERIENCE_LOCATION}</arg>
<arg>1-3</arg>
<doc>Selects options from selection list ``locator`` by ``values``.</doc>
<status status="NOT RUN" starttime="20220519 21:05:58.410" endtime="20220519 21:05:58.411"/>
</kw>
<kw name="List Selection Should Be" library="SeleniumLibrary">
<arg>${EXPERIENCE_LOCATION}</arg>
<arg>1-3</arg>
<doc>Verifies selection list ``locator`` has ``expected`` options selected.</doc>
<status status="NOT RUN" starttime="20220519 21:05:58.411" endtime="20220519 21:05:58.411"/>
</kw>
<kw name="Set Global Variable" library="BuiltIn">
<arg>${EXPERIENCE}</arg>
<arg>1-3</arg>
<doc>Makes a variable available globally in all tests and suites.</doc>
<status status="NOT RUN" starttime="20220519 21:05:58.411" endtime="20220519 21:05:58.411"/>
</kw>
<status status="NOT RUN" starttime="20220519 21:05:58.410" endtime="20220519 21:05:58.411"/>
</branch>
<branch type="ELSE IF" condition="${EXPERIENCE} == 3">
<kw name="Select From List By Value" library="SeleniumLibrary">
<arg>${EXPERIENCE_LOCATION}</arg>
<arg>3-5</arg>
<doc>Selects options from selection list ``locator`` by ``values``.</doc>
<status status="NOT RUN" starttime="20220519 21:05:58.412" endtime="20220519 21:05:58.412"/>
</kw>
<kw name="List Selection Should Be" library="SeleniumLibrary">
<arg>${EXPERIENCE_LOCATION}</arg>
<arg>3-5</arg>
<doc>Verifies selection list ``locator`` has ``expected`` options selected.</doc>
<status status="NOT RUN" starttime="20220519 21:05:58.412" endtime="20220519 21:05:58.412"/>
</kw>
<kw name="Set Global Variable" library="BuiltIn">
<arg>${EXPERIENCE}</arg>
<arg>3-5</arg>
<doc>Makes a variable available globally in all tests and suites.</doc>
<status status="NOT RUN" starttime="20220519 21:05:58.412" endtime="20220519 21:05:58.412"/>
</kw>
<status status="NOT RUN" starttime="20220519 21:05:58.411" endtime="20220519 21:05:58.412"/>
</branch>
<branch type="ELSE IF" condition="${EXPERIENCE} == 4">
<kw name="Select From List By Value" library="SeleniumLibrary">
<arg>${EXPERIENCE_LOCATION}</arg>
<arg>5-7</arg>
<doc>Selects options from selection list ``locator`` by ``values``.</doc>
<status status="NOT RUN" starttime="20220519 21:05:58.413" endtime="20220519 21:05:58.413"/>
</kw>
<kw name="List Selection Should Be" library="SeleniumLibrary">
<arg>${EXPERIENCE_LOCATION}</arg>
<arg>5-7</arg>
<doc>Verifies selection list ``locator`` has ``expected`` options selected.</doc>
<status status="NOT RUN" starttime="20220519 21:05:58.413" endtime="20220519 21:05:58.413"/>
</kw>
<kw name="Set Global Variable" library="BuiltIn">
<arg>${EXPERIENCE}</arg>
<arg>5-7</arg>
<doc>Makes a variable available globally in all tests and suites.</doc>
<status status="NOT RUN" starttime="20220519 21:05:58.413" endtime="20220519 21:05:58.413"/>
</kw>
<status status="NOT RUN" starttime="20220519 21:05:58.413" endtime="20220519 21:05:58.413"/>
</branch>
<branch type="ELSE IF" condition="${EXPERIENCE} == 5">
<kw name="Select From List By Value" library="SeleniumLibrary">
<arg>${EXPERIENCE_LOCATION}</arg>
<arg>7-10</arg>
<doc>Selects options from selection list ``locator`` by ``values``.</doc>
<msg timestamp="20220519 21:05:58.415" level="INFO">Selecting options from selection list 'css=#g2599-experienceinyears' by value 7-10.</msg>
<status status="PASS" starttime="20220519 21:05:58.414" endtime="20220519 21:05:58.480"/>
</kw>
<kw name="List Selection Should Be" library="SeleniumLibrary">
<arg>${EXPERIENCE_LOCATION}</arg>
<arg>7-10</arg>
<doc>Verifies selection list ``locator`` has ``expected`` options selected.</doc>
<msg timestamp="20220519 21:05:58.480" level="INFO">Verifying list 'css=#g2599-experienceinyears' has option [ 7-10 ] selected.</msg>
<msg timestamp="20220519 21:05:58.489" level="INFO">Current page contains list 'css=#g2599-experienceinyears'.</msg>
<status status="PASS" starttime="20220519 21:05:58.480" endtime="20220519 21:05:58.596"/>
</kw>
<kw name="Set Global Variable" library="BuiltIn">
<arg>${EXPERIENCE}</arg>
<arg>7-10</arg>
<doc>Makes a variable available globally in all tests and suites.</doc>
<msg timestamp="20220519 21:05:58.596" level="INFO">${EXPERIENCE} = 7-10</msg>
<status status="PASS" starttime="20220519 21:05:58.596" endtime="20220519 21:05:58.596"/>
</kw>
<status status="PASS" starttime="20220519 21:05:58.414" endtime="20220519 21:05:58.596"/>
</branch>
<branch type="ELSE IF" condition="${EXPERIENCE} == 6">
<kw name="Select From List By Value" library="SeleniumLibrary">
<arg>${EXPERIENCE_LOCATION}</arg>
<arg>10+</arg>
<doc>Selects options from selection list ``locator`` by ``values``.</doc>
<status status="NOT RUN" starttime="20220519 21:05:58.597" endtime="20220519 21:05:58.597"/>
</kw>
<kw name="List Selection Should Be" library="SeleniumLibrary">
<arg>${EXPERIENCE_LOCATION}</arg>
<arg>10+</arg>
<doc>Verifies selection list ``locator`` has ``expected`` options selected.</doc>
<status status="NOT RUN" starttime="20220519 21:05:58.597" endtime="20220519 21:05:58.597"/>
</kw>
<kw name="Set Global Variable" library="BuiltIn">
<arg>${EXPERIENCE}</arg>
<arg>10+</arg>
<doc>Makes a variable available globally in all tests and suites.</doc>
<status status="NOT RUN" starttime="20220519 21:05:58.597" endtime="20220519 21:05:58.597"/>
</kw>
<status status="NOT RUN" starttime="20220519 21:05:58.597" endtime="20220519 21:05:58.597"/>
</branch>
<status status="PASS" starttime="20220519 21:05:58.409" endtime="20220519 21:05:58.597"/>
</if>
<kw name="Set Global Variable" library="BuiltIn">
<arg>${EXPERTISE}</arg>
<arg>expertise</arg>
<doc>Makes a variable available globally in all tests and suites.</doc>
<msg timestamp="20220519 21:05:58.598" level="INFO">${EXPERTISE} = expertise</msg>
<status status="PASS" starttime="20220519 21:05:58.597" endtime="20220519 21:05:58.598"/>
</kw>
<kw name="Random Int" library="FakerLibrary">
<var>${RANDOMNUMBER}</var>
<arg>min=0</arg>
<arg>max=1</arg>
<doc>Generate a random integer between two integers ``min`` and ``max`` inclusive
while observing the provided ``step`` value.</doc>
<msg timestamp="20220519 21:05:58.599" level="INFO">${RANDOMNUMBER} = 1</msg>
<status status="PASS" starttime="20220519 21:05:58.599" endtime="20220519 21:05:58.599"/>
</kw>
<kw name="Scroll Element Into View" library="SeleniumLibrary">
<arg>${FUNCTIONAL_TESTING_LOCATION}</arg>
<doc>Scrolls the element identified by ``locator`` into view.</doc>
<status status="PASS" starttime="20220519 21:05:58.599" endtime="20220519 21:05:58.899"/>
</kw>
<if>
<branch type="IF" condition="${RANDOMNUMBER} == 1">
<kw name="Select Checkbox" library="SeleniumLibrary">
<arg>${FUNCTIONAL_TESTING_LOCATION}</arg>
<doc>Selects the checkbox identified by ``locator``.</doc>
<msg timestamp="20220519 21:05:58.900" level="INFO">Selecting checkbox 'css=#contact-form-2599 &gt; form &gt; div.grunion-field-wrap.grunion-field-checkbox-multiple-wrap &gt; label:nth-child(2) &gt; input'.</msg>
<status status="PASS" starttime="20220519 21:05:58.900" endtime="20220519 21:05:58.965"/>
</kw>
<kw name="Set Variable" library="BuiltIn">
<var>${EXPERTISE}</var>
<arg>Functional Testing</arg>
<doc>Returns the given values which can then be assigned to a variables.</doc>
<msg timestamp="20220519 21:05:58.965" level="INFO">${EXPERTISE} = Functional Testing</msg>
<status status="PASS" starttime="20220519 21:05:58.965" endtime="20220519 21:05:58.965"/>
</kw>
<status status="PASS" starttime="20220519 21:05:58.899" endtime="20220519 21:05:58.965"/>
</branch>
<status status="PASS" starttime="20220519 21:05:58.899" endtime="20220519 21:05:58.965"/>
</if>
<kw name="Random Int" library="FakerLibrary">
<var>${RANDOMNUMBER}</var>
<arg>min=0</arg>
<arg>max=1</arg>
<doc>Generate a random integer between two integers ``min`` and ``max`` inclusive
while observing the provided ``step`` value.</doc>
<msg timestamp="20220519 21:05:58.966" level="INFO">${RANDOMNUMBER} = 0</msg>
<status status="PASS" starttime="20220519 21:05:58.966" endtime="20220519 21:05:58.966"/>
</kw>
<kw name="Scroll Element Into View" library="SeleniumLibrary">
<arg>${AUTOMATION_TESTING_LOCATION}</arg>
<doc>Scrolls the element identified by ``locator`` into view.</doc>
<status status="PASS" starttime="20220519 21:05:58.966" endtime="20220519 21:05:59.263"/>
</kw>
<if>
<branch type="IF" condition="${RANDOMNUMBER} == 1">
<kw name="Select Checkbox" library="SeleniumLibrary">
<arg>${AUTOMATION_TESTING_LOCATION}</arg>
<doc>Selects the checkbox identified by ``locator``.</doc>
<status status="NOT RUN" starttime="20220519 21:05:59.263" endtime="20220519 21:05:59.263"/>
</kw>
<if>
<branch type="IF" condition="'${EXPERTISE}'!='${EMPTY}'">
<kw name="Set Variable" library="BuiltIn">
<var>${EXPERTISE}</var>
<arg>Automation Testing</arg>
<doc>Returns the given values which can then be assigned to a variables.</doc>
<status status="NOT RUN" starttime="20220519 21:05:59.263" endtime="20220519 21:05:59.263"/>
</kw>
<status status="NOT RUN" starttime="20220519 21:05:59.263" endtime="20220519 21:05:59.263"/>
</branch>
<branch type="ELSE">
<kw name="Catenate" library="BuiltIn">
<arg>${EXPERTISE}</arg>
<arg>, Automation Testing</arg>
<doc>Catenates the given items together and returns the resulted string.</doc>
<status status="NOT RUN" starttime="20220519 21:05:59.264" endtime="20220519 21:05:59.264"/>
</kw>
<status status="NOT RUN" starttime="20220519 21:05:59.264" endtime="20220519 21:05:59.264"/>
</branch>
<status status="NOT RUN" starttime="20220519 21:05:59.263" endtime="20220519 21:05:59.264"/>
</if>
<status status="NOT RUN" starttime="20220519 21:05:59.263" endtime="20220519 21:05:59.264"/>
</branch>
<status status="PASS" starttime="20220519 21:05:59.263" endtime="20220519 21:05:59.264"/>
</if>
<kw name="Random Int" library="FakerLibrary">
<var>${RANDOMNUMBER}</var>
<arg>min=0</arg>
<arg>max=1</arg>
<doc>Generate a random integer between two integers ``min`` and ``max`` inclusive
while observing the provided ``step`` value.</doc>
<msg timestamp="20220519 21:05:59.264" level="INFO">${RANDOMNUMBER} = 0</msg>
<status status="PASS" starttime="20220519 21:05:59.264" endtime="20220519 21:05:59.264"/>
</kw>
<kw name="Scroll Element Into View" library="SeleniumLibrary">
<arg>${MANUAL_TESTING_LOCATION}</arg>
<doc>Scrolls the element identified by ``locator`` into view.</doc>
<status status="PASS" starttime="20220519 21:05:59.265" endtime="20220519 21:05:59.548"/>
</kw>
<if>
<branch type="IF" condition="${RANDOMNUMBER} == 1">
<kw name="Select Checkbox" library="SeleniumLibrary">
<arg>${MANUAL_TESTING_LOCATION}</arg>
<doc>Selects the checkbox identified by ``locator``.</doc>
<status status="NOT RUN" starttime="20220519 21:05:59.549" endtime="20220519 21:05:59.549"/>
</kw>
<if>
<branch type="IF" condition="'${EXPERTISE}'!='${EMPTY}'">
<kw name="Set Variable" library="BuiltIn">
<var>${EXPERTISE}</var>
<arg>Manual Testing</arg>
<doc>Returns the given values which can then be assigned to a variables.</doc>
<status status="NOT RUN" starttime="20220519 21:05:59.549" endtime="20220519 21:05:59.549"/>
</kw>
<status status="NOT RUN" starttime="20220519 21:05:59.549" endtime="20220519 21:05:59.549"/>
</branch>
<branch type="ELSE">
<kw name="Catenate" library="BuiltIn">
<arg>${EXPERTISE}</arg>
<arg>, Manual Testing</arg>
<doc>Catenates the given items together and returns the resulted string.</doc>
<status status="NOT RUN" starttime="20220519 21:05:59.549" endtime="20220519 21:05:59.549"/>
</kw>
<status status="NOT RUN" starttime="20220519 21:05:59.549" endtime="20220519 21:05:59.549"/>
</branch>
<status status="NOT RUN" starttime="20220519 21:05:59.549" endtime="20220519 21:05:59.549"/>
</if>
<status status="NOT RUN" starttime="20220519 21:05:59.548" endtime="20220519 21:05:59.549"/>
</branch>
<status status="PASS" starttime="20220519 21:05:59.548" endtime="20220519 21:05:59.549"/>
</if>
<kw name="Set Global Variable" library="BuiltIn">
<arg>${EXPERTISE}</arg>
<doc>Makes a variable available globally in all tests and suites.</doc>
<msg timestamp="20220519 21:05:59.550" level="INFO">${EXPERTISE} = Functional Testing</msg>
<status status="PASS" starttime="20220519 21:05:59.549" endtime="20220519 21:05:59.550"/>
</kw>
<kw name="Log To Console" library="BuiltIn">
<arg>${EXPERTISE}</arg>
<doc>Logs the given message to the console.</doc>
<status status="PASS" starttime="20220519 21:05:59.550" endtime="20220519 21:05:59.550"/>
</kw>
<kw name="Random Int" library="FakerLibrary">
<var>${RANDOMNUMBER}</var>
<arg>min=1</arg>
<arg>max=3</arg>
<doc>Generate a random integer between two integers ``min`` and ``max`` inclusive
while observing the provided ``step`` value.</doc>
<msg timestamp="20220519 21:05:59.551" level="INFO">${RANDOMNUMBER} = 1</msg>
<status status="PASS" starttime="20220519 21:05:59.550" endtime="20220519 21:05:59.551"/>
</kw>
<if>
<branch type="IF" condition="${RANDOMNUMBER} == 1">
<kw name="Scroll Element Into View" library="SeleniumLibrary">
<arg>${GRADUATE_LOCATION}</arg>
<doc>Scrolls the element identified by ``locator`` into view.</doc>
<status status="PASS" starttime="20220519 21:05:59.551" endtime="20220519 21:05:59.827"/>
</kw>
<kw name="Click Element" library="SeleniumLibrary">
<arg>${GRADUATE_LOCATION}</arg>
<doc>Click the element identified by ``locator``.</doc>
<msg timestamp="20220519 21:05:59.827" level="INFO">Clicking element 'css=#contact-form-2599 &gt; form &gt; div.grunion-field-wrap.grunion-field-radio-wrap &gt; label:nth-child(2) &gt; input'.</msg>
<status status="PASS" starttime="20220519 21:05:59.827" endtime="20220519 21:05:59.867"/>
</kw>
<kw name="Get Value" library="SeleniumLibrary">
<var>${EDUCATION}</var>
<arg>${GRADUATE_LOCATION}</arg>
<doc>Returns the value attribute of the element identified by ``locator``.</doc>
<msg timestamp="20220519 21:05:59.881" level="INFO">${EDUCATION} = Graduate</msg>
<status status="PASS" starttime="20220519 21:05:59.867" endtime="20220519 21:05:59.881"/>
</kw>
<kw name="Log To Console" library="BuiltIn">
<arg>${EDUCATION}</arg>
<doc>Logs the given message to the console.</doc>
<status status="PASS" starttime="20220519 21:05:59.881" endtime="20220519 21:05:59.882"/>
</kw>
<status status="PASS" starttime="20220519 21:05:59.551" endtime="20220519 21:05:59.882"/>
</branch>
<branch type="ELSE IF" condition="${RANDOMNUMBER} == 2">
<kw name="Scroll Element Into View" library="SeleniumLibrary">
<arg>${UNGRADUATE_LOCATION}</arg>
<doc>Scrolls the element identified by ``locator`` into view.</doc>
<status status="NOT RUN" starttime="20220519 21:05:59.882" endtime="20220519 21:05:59.882"/>
</kw>
<kw name="Click Element" library="SeleniumLibrary">
<arg>${UNGRADUATE_LOCATION}</arg>
<doc>Click the element identified by ``locator``.</doc>
<status status="NOT RUN" starttime="20220519 21:05:59.882" endtime="20220519 21:05:59.882"/>
</kw>
<kw name="Get Value" library="SeleniumLibrary">
<var>${EDUCATION}</var>
<arg>${UNGRADUATE_LOCATION}</arg>
<doc>Returns the value attribute of the element identified by ``locator``.</doc>
<status status="NOT RUN" starttime="20220519 21:05:59.882" endtime="20220519 21:05:59.882"/>
</kw>
<kw name="Log To Console" library="BuiltIn">
<arg>${EDUCATION}</arg>
<doc>Logs the given message to the console.</doc>
<status status="NOT RUN" starttime="20220519 21:05:59.882" endtime="20220519 21:05:59.882"/>
</kw>
<status status="NOT RUN" starttime="20220519 21:05:59.882" endtime="20220519 21:05:59.882"/>
</branch>
<branch type="ELSE IF" condition="${RANDOMNUMBER} == 3">
<kw name="Scroll Element Into View" library="SeleniumLibrary">
<arg>${POST_GRADUATE_LOCATION}</arg>
<doc>Scrolls the element identified by ``locator`` into view.</doc>
<status status="NOT RUN" starttime="20220519 21:05:59.883" endtime="20220519 21:05:59.883"/>
</kw>
<kw name="Click Element" library="SeleniumLibrary">
<arg>${POST_GRADUATE_LOCATION}</arg>
<doc>Click the element identified by ``locator``.</doc>
<status status="NOT RUN" starttime="20220519 21:05:59.883" endtime="20220519 21:05:59.883"/>
</kw>
<kw name="Get Value" library="SeleniumLibrary">
<var>${EDUCATION}</var>
<arg>${POST_GRADUATE_LOCATION}</arg>
<doc>Returns the value attribute of the element identified by ``locator``.</doc>
<status status="NOT RUN" starttime="20220519 21:05:59.883" endtime="20220519 21:05:59.883"/>
</kw>
<kw name="Log To Console" library="BuiltIn">
<arg>${EDUCATION}</arg>
<doc>Logs the given message to the console.</doc>
<status status="NOT RUN" starttime="20220519 21:05:59.883" endtime="20220519 21:05:59.883"/>
</kw>
<status status="NOT RUN" starttime="20220519 21:05:59.882" endtime="20220519 21:05:59.883"/>
</branch>
<status status="PASS" starttime="20220519 21:05:59.551" endtime="20220519 21:05:59.883"/>
</if>
<kw name="Scroll Element Into View" library="SeleniumLibrary">
<arg>${COMMENT_LOCATION}</arg>
<doc>Scrolls the element identified by ``locator`` into view.</doc>
<status status="PASS" starttime="20220519 21:05:59.883" endtime="20220519 21:06:00.168"/>
</kw>
<kw name="Wait Until Element Is Visible" library="SeleniumLibrary">
<arg>${COMMENT_LOCATION}</arg>
<doc>Waits until the element ``locator`` is visible.</doc>
<status status="PASS" starttime="20220519 21:06:00.168" endtime="20220519 21:06:00.183"/>
</kw>
<kw name="Input Text" library="SeleniumLibrary">
<arg>${COMMENT_LOCATION}</arg>
<arg>${COMMENT}</arg>
<doc>Types the given ``text`` into the text field identified by ``locator``.</doc>
<msg timestamp="20220519 21:06:00.183" level="INFO">Typing text '['dicta', 'architecto', 'distinctio', 'tempora', 'id', 'mollitia', 'voluptatibus', 'error', 'pariatur', 'natus', 'dolorum', 'eaque', 'suscipit', 'eaque', 'facilis', 'vitae', 'suscipit', 'earum', 'quod', 'saepe']' into text field 'css=#contact-form-comment-g2599-comment'.</msg>
<status status="PASS" starttime="20220519 21:06:00.183" endtime="20220519 21:06:00.418"/>
</kw>
<kw name="Scroll Element Into View" library="SeleniumLibrary">
<arg>${SUBMIT_LOCATION}</arg>
<doc>Scrolls the element identified by ``locator`` into view.</doc>
<status status="PASS" starttime="20220519 21:06:00.418" endtime="20220519 21:06:00.719"/>
</kw>
<kw name="Wait Until Element Is Visible" library="SeleniumLibrary">
<arg>${SUBMIT_LOCATION}</arg>
<doc>Waits until the element ``locator`` is visible.</doc>
<status status="PASS" starttime="20220519 21:06:00.719" endtime="20220519 21:06:00.732"/>
</kw>
<kw name="Click Button" library="SeleniumLibrary">
<arg>${SUBMIT_LOCATION}</arg>
<doc>Clicks the button identified by ``locator``.</doc>
<msg timestamp="20220519 21:06:00.733" level="INFO">Clicking button 'css=#contact-form-2599 &gt; form &gt; p.contact-submit &gt; button'.</msg>
<status status="PASS" starttime="20220519 21:06:00.732" endtime="20220519 21:06:04.769"/>
</kw>
<status status="PASS" starttime="20220519 21:05:56.886" endtime="20220519 21:06:04.769"/>
</kw>
<kw name="Then Redirected to Success page" library="FullFormResources">
<kw name="Set Suite Variable" library="BuiltIn">
<arg>${NAME_FINISH_LOCATION}</arg>
<arg>css=#contact-form-2599 &gt; blockquote &gt; p:nth-child(1)</arg>
<doc>Makes a variable available everywhere within the scope of the current suite.</doc>
<msg timestamp="20220519 21:06:04.771" level="INFO">${NAME_FINISH_LOCATION} = css=#contact-form-2599 &gt; blockquote &gt; p:nth-child(1)</msg>
<status status="PASS" starttime="20220519 21:06:04.770" endtime="20220519 21:06:04.771"/>
</kw>
<kw name="Set Suite Variable" library="BuiltIn">
<arg>${EMAIL_FINISH_LOCATION}</arg>
<arg>css=#contact-form-2599 &gt; blockquote &gt; p:nth-child(2)</arg>
<doc>Makes a variable available everywhere within the scope of the current suite.</doc>
<msg timestamp="20220519 21:06:04.772" level="INFO">${EMAIL_FINISH_LOCATION} = css=#contact-form-2599 &gt; blockquote &gt; p:nth-child(2)</msg>
<status status="PASS" starttime="20220519 21:06:04.771" endtime="20220519 21:06:04.772"/>
</kw>
<kw name="Set Suite Variable" library="BuiltIn">
<arg>${WEBSITE_FINISH_LOCATION}</arg>
<arg>css=#contact-form-2599 &gt; blockquote &gt; p:nth-child(3)</arg>
<doc>Makes a variable available everywhere within the scope of the current suite.</doc>
<msg timestamp="20220519 21:06:04.773" level="INFO">${WEBSITE_FINISH_LOCATION} = css=#contact-form-2599 &gt; blockquote &gt; p:nth-child(3)</msg>
<status status="PASS" starttime="20220519 21:06:04.772" endtime="20220519 21:06:04.773"/>
</kw>
<kw name="Set Suite Variable" library="BuiltIn">
<arg>${EXPERIENCE_FINISH_LOCATION}</arg>
<arg>css=#contact-form-2599 &gt; blockquote &gt; p:nth-child(4)</arg>
<doc>Makes a variable available everywhere within the scope of the current suite.</doc>
<msg timestamp="20220519 21:06:04.774" level="INFO">${EXPERIENCE_FINISH_LOCATION} = css=#contact-form-2599 &gt; blockquote &gt; p:nth-child(4)</msg>
<status status="PASS" starttime="20220519 21:06:04.773" endtime="20220519 21:06:04.774"/>
</kw>
<kw name="Set Suite Variable" library="BuiltIn">
<arg>${EXPERTISE_FINISH_LOCATION}</arg>
<arg>css=#contact-form-2599 &gt; blockquote &gt; p:nth-child(5)</arg>
<doc>Makes a variable available everywhere within the scope of the current suite.</doc>
<msg timestamp="20220519 21:06:04.776" level="INFO">${EXPERTISE_FINISH_LOCATION} = css=#contact-form-2599 &gt; blockquote &gt; p:nth-child(5)</msg>
<status status="PASS" starttime="20220519 21:06:04.775" endtime="20220519 21:06:04.776"/>
</kw>
<kw name="Set Suite Variable" library="BuiltIn">
<arg>${EDUCATION_FINISH_LOCATION}</arg>
<arg>css=#contact-form-2599 &gt; blockquote &gt; p:nth-child(6)</arg>
<doc>Makes a variable available everywhere within the scope of the current suite.</doc>
<msg timestamp="20220519 21:06:04.777" level="INFO">${EDUCATION_FINISH_LOCATION} = css=#contact-form-2599 &gt; blockquote &gt; p:nth-child(6)</msg>
<status status="PASS" starttime="20220519 21:06:04.776" endtime="20220519 21:06:04.777"/>
</kw>
<kw name="Set Suite Variable" library="BuiltIn">
<arg>${COMMENT_FINISH_LOCATION}</arg>
<arg>css=#contact-form-2599 &gt; blockquote &gt; p:nth-child(7)</arg>
<doc>Makes a variable available everywhere within the scope of the current suite.</doc>
<msg timestamp="20220519 21:06:04.778" level="INFO">${COMMENT_FINISH_LOCATION} = css=#contact-form-2599 &gt; blockquote &gt; p:nth-child(7)</msg>
<status status="PASS" starttime="20220519 21:06:04.777" endtime="20220519 21:06:04.778"/>
</kw>
<kw name="Element Text Should Be" library="SeleniumLibrary">
<arg>${NAME_FINISH_LOCATION}</arg>
<arg>Name: ${NAME}</arg>
<doc>Verifies that element ``locator`` contains exact the text ``expected``.</doc>
<msg timestamp="20220519 21:06:04.779" level="INFO">Verifying element 'css=#contact-form-2599 &gt; blockquote &gt; p:nth-child(1)' contains exact text 'Name: Srta. Isabella Araújo'.</msg>
<status status="PASS" starttime="20220519 21:06:04.778" endtime="20220519 21:06:04.802"/>
</kw>
<kw name="Element Text Should Be" library="SeleniumLibrary">
<arg>${EMAIL_FINISH_LOCATION}</arg>
<arg>Email: ${EMAIL}</arg>
<doc>Verifies that element ``locator`` contains exact the text ``expected``.</doc>
<msg timestamp="20220519 21:06:04.803" level="INFO">Verifying element 'css=#contact-form-2599 &gt; blockquote &gt; p:nth-child(2)' contains exact text 'Email: barbosadaniel@example.net'.</msg>
<status status="PASS" starttime="20220519 21:06:04.802" endtime="20220519 21:06:04.823"/>
</kw>
<kw name="Element Text Should Be" library="SeleniumLibrary">
<arg>${WEBSITE_FINISH_LOCATION}</arg>
<arg>Website: ${WEBSITE}</arg>
<doc>Verifies that element ``locator`` contains exact the text ``expected``.</doc>
<msg timestamp="20220519 21:06:04.823" level="INFO">Verifying element 'css=#contact-form-2599 &gt; blockquote &gt; p:nth-child(3)' contains exact text 'Website: https://laptop-37.ribeiro.com'.</msg>
<status status="PASS" starttime="20220519 21:06:04.823" endtime="20220519 21:06:04.843"/>
</kw>
<kw name="Element Text Should Be" library="SeleniumLibrary">
<arg>${EXPERIENCE_FINISH_LOCATION}</arg>
<arg>Experience (In Years): ${EXPERIENCE}</arg>
<doc>Verifies that element ``locator`` contains exact the text ``expected``.</doc>
<msg timestamp="20220519 21:06:04.844" level="INFO">Verifying element 'css=#contact-form-2599 &gt; blockquote &gt; p:nth-child(4)' contains exact text 'Experience (In Years): 7-10'.</msg>
<status status="PASS" starttime="20220519 21:06:04.843" endtime="20220519 21:06:04.864"/>
</kw>
<kw name="Element Text Should Be" library="SeleniumLibrary">
<arg>${EXPERTISE_FINISH_LOCATION}</arg>
<arg>Expertise :: ${EXPERTISE}</arg>
<doc>Verifies that element ``locator`` contains exact the text ``expected``.</doc>
<msg timestamp="20220519 21:06:04.865" level="INFO">Verifying element 'css=#contact-form-2599 &gt; blockquote &gt; p:nth-child(5)' contains exact text 'Expertise :: Functional Testing'.</msg>
<status status="PASS" starttime="20220519 21:06:04.864" endtime="20220519 21:06:04.885"/>
</kw>
<status status="PASS" starttime="20220519 21:06:04.769" endtime="20220519 21:06:04.886"/>
</kw>
<kw name="Close Website" library="FullFormResources" type="TEARDOWN">
<kw name="Close All Browsers" library="SeleniumLibrary">
<doc>Closes all open browsers and resets the browser cache.</doc>
<status status="PASS" starttime="20220519 21:06:04.886" endtime="20220519 21:06:07.141"/>
</kw>
<status status="PASS" starttime="20220519 21:06:04.886" endtime="20220519 21:06:07.142"/>
</kw>
<status status="PASS" starttime="20220519 21:05:51.514" endtime="20220519 21:06:07.142"/>
</test>
<status status="PASS" starttime="20220519 21:05:50.807" endtime="20220519 21:06:07.144"/>
</suite>
<status status="PASS" starttime="20220519 21:05:50.781" endtime="20220519 21:06:07.148"/>
</suite>
<statistics>
<total>
<stat pass="1" fail="0" skip="0">All Tests</stat>
</total>
<tag>
</tag>
<suite>
<stat pass="1" fail="0" skip="0" id="s1" name="Tests">Tests</stat>
<stat pass="1" fail="0" skip="0" id="s1-s1" name="FormPage">Tests.FormPage</stat>
</suite>
</statistics>
<errors>
</errors>
</robot>
